Creating database: AmI_Sandra
Save repository element : AmI_Sandra : Creation of initial version
Rename job : Renamed from Job Load Data to Job Load Data Context
Rename transformation : Renamed from Load_MDF - Copy (5) to Load_MDF_wifi_scans
Rename transformation : Renamed from Load_MDF - Copy (3) to Load_MDF_environment_sensors
Updating database connection   {0} 
Save repository element : AmI_Sandra : Modification by user
Updating database connection   {0} 
Save repository element : AmI_Sandra : Modification by user
Updating database connection   {0} 
Save repository element : AmI_Sandra : Modification by user
Rename transformation : Renamed from Transformation 1 to Merge_MDF
Updating database connection   {0} 
Save repository element : AmI_Sandra : Modification by user
Rename transformation : Renamed from Load activities stage to Load activities from stage csv
Rename job : Renamed from Load to prestage activities to Load to pre stage activities
Rename job : Renamed from Load to final activities to Load to stage activities
Rename job : Renamed from Load to stage group 10 min to Load to stage
Rename transformation : Renamed from Load activities from stage csv to Load activities csv to stage
Updating database connection   {0} 
Save repository element : AmI_Sandra : Modification by user
Updating database connection   {0} 
Save repository element : AmI_Sandra : Modification by user
Updating database connection   {0} 
Save repository element : AmI_Sandra : Modification by user
Rename job : Renamed from job Load stops_open_data to stage sensorlogger to job Load StopsOpenData sensorlogger
Rename transformation : Renamed from Load stops_open_data to stage sensorlogger to Load StopsOpenData sensorlogger
Rename job : Renamed from Load skm csv to stage to job Load StopsOpenData context
Rename transformation : Renamed from load skm_csv to context_stage to Load StopsOpenData context
Rename job : Renamed from job Load StopsOpenData context to job Load StopsOpenData context old
Rename job : Renamed from job Load StopsOpenData context old to job Load StopsOpenData context
Rename job : Renamed from job Load TripsOpenData context to job Load TripsOpenData context OLD
Rename job : Renamed from teste2 to job Load TripsOpenData context
Rename transformation : Renamed from Load TripsOpenData context to Load TripsOpenData context OLD
Rename transformation : Renamed from teste to Load TripsOpenData context
